Using pre-set license
Built from '2020.3/staging' branch; Version is '2020.3.16f1 (049d6eca3c44) revision 302446'; Using compiler version '192528614'; Build Type 'Release'
OS: 'Windows 10 Home; OS build 19044.1645; Version 2009; 64bit' Language: 'en' Physical Memory: 16318 MB
BatchMode: 1, IsHumanControllingUs: 0, StartBugReporterOnCrash: 0, Is64bit: 1, IsPro: 0

 COMMAND LINE ARGUMENTS:
C:\Program Files\Unity\Editor\Unity.exe
-adb2
-batchMode
-noUpm
-name
AssetImportWorker0
-projectPath
C:/Users/jrock/OneDrive/Desktop/RubyFinal
-logFile
Logs/AssetImportWorker0.log
-srvPort
57992
Successfully changed project path to: C:/Users/jrock/OneDrive/Desktop/RubyFinal
C:/Users/jrock/OneDrive/Desktop/RubyFinal
Using Asset Import Pipeline V2.
Refreshing native plugins compatible for Editor in 44.46 ms, found 3 plugins.
Preloading 0 native plugins for Editor in 0.00 ms.
Initialize engine version: 2020.3.16f1 (049d6eca3c44)
[Subsystems] Discovering subsystems at path C:/Program Files/Unity/Editor/Data/Resources/UnitySubsystems
[Subsystems] Discovering subsystems at path C:/Users/jrock/OneDrive/Desktop/RubyFinal/Assets
GfxDevice: creating device client; threaded=0
Direct3D:
    Version:  Direct3D 11.0 [level 11.1]
    Renderer: NVIDIA GeForce RTX 2070 (ID=0x1f07)
    Vendor:   
    VRAM:     8031 MB
    Driver:   30.0.15.1179
Initialize mono
Mono path[0] = 'C:/Program Files/Unity/Editor/Data/Managed'
Mono path[1] = 'C:/Program Files/Unity/Editor/Data/MonoBleedingEdge/lib/mono/unityjit'
Mono config path = 'C:/Program Files/Unity/Editor/Data/MonoBleedingEdge/etc'
Using monoOptions --debugger-agent=transport=dt_socket,embedding=1,server=y,suspend=n,address=127.0.0.1:56268
Begin MonoManager ReloadAssembly
Registering precompiled unity dll's ...
Register platform support module: C:/Program Files/Unity/Editor/Data/PlaybackEngines/WindowsStandaloneSupport/UnityEditor.WindowsStandalone.Extensions.dll
Registered in 0.001934 seconds.
Native extension for WindowsStandalone target not found
Refreshing native plugins compatible for Editor in 43.51 ms, found 3 plugins.
Preloading 0 native plugins for Editor in 0.00 ms.
Mono: successfully reloaded assembly
- Completed reload, in  0.881 seconds
Domain Reload Profiling:
	ReloadAssembly (881ms)
		BeginReloadAssembly (45ms)
			ExecutionOrderSort (0ms)
			DisableScriptedObjects (0ms)
			BackupInstance (0ms)
			ReleaseScriptingObjects (0ms)
			CreateAndSetChildDomain (1ms)
		EndReloadAssembly (362ms)
			LoadAssemblies (43ms)
			RebuildTransferFunctionScriptingTraits (0ms)
			SetupTypeCache (131ms)
			ReleaseScriptCaches (0ms)
			RebuildScriptCaches (27ms)
			SetupLoadedEditorAssemblies (143ms)
				LogAssemblyErrors (0ms)
				InitializePlatformSupportModulesInManaged (3ms)
				SetLoadedEditorAssemblies (0ms)
				RefreshPlugins (44ms)
				BeforeProcessingInitializeOnLoad (6ms)
				ProcessInitializeOnLoadAttributes (66ms)
				ProcessInitializeOnLoadMethodAttributes (23ms)
				AfterProcessingInitializeOnLoad (0ms)
				EditorAssembliesLoaded (0ms)
			ExecutionOrderSort2 (0ms)
			AwakeInstancesAfterBackupRestoration (0ms)
Platform modules already initialized, skipping
Registering precompiled user dll's ...
Registered in 0.003890 seconds.
Begin MonoManager ReloadAssembly
Native extension for WindowsStandalone target not found
Refreshing native plugins compatible for Editor in 42.76 ms, found 3 plugins.
Preloading 0 native plugins for Editor in 0.00 ms.
Mono: successfully reloaded assembly
- Completed reload, in  1.042 seconds
Domain Reload Profiling:
	ReloadAssembly (1043ms)
		BeginReloadAssembly (128ms)
			ExecutionOrderSort (0ms)
			DisableScriptedObjects (3ms)
			BackupInstance (0ms)
			ReleaseScriptingObjects (0ms)
			CreateAndSetChildDomain (18ms)
		EndReloadAssembly (856ms)
			LoadAssemblies (79ms)
			RebuildTransferFunctionScriptingTraits (0ms)
			SetupTypeCache (261ms)
			ReleaseScriptCaches (1ms)
			RebuildScriptCaches (45ms)
			SetupLoadedEditorAssemblies (364ms)
				LogAssemblyErrors (0ms)
				InitializePlatformSupportModulesInManaged (3ms)
				SetLoadedEditorAssemblies (0ms)
				RefreshPlugins (43ms)
				BeforeProcessingInitializeOnLoad (60ms)
				ProcessInitializeOnLoadAttributes (240ms)
				ProcessInitializeOnLoadMethodAttributes (12ms)
				AfterProcessingInitializeOnLoad (6ms)
				EditorAssembliesLoaded (0ms)
			ExecutionOrderSort2 (0ms)
			AwakeInstancesAfterBackupRestoration (5ms)
Platform modules already initialized, skipping
========================================================================
Worker process is ready to serve import requests
Launched and connected shader compiler UnityShaderCompiler.exe after 0.05 seconds
Refreshing native plugins compatible for Editor in 0.51 ms, found 3 plugins.
Preloading 0 native plugins for Editor in 0.00 ms.
Unloading 2258 Unused Serialized files (Serialized files now loaded: 0)
System memory in use before: 100.4 MB.
System memory in use after: 100.5 MB.

Unloading 29 unused Assets to reduce memory usage. Loaded Objects now: 2696.
Total: 3.403300 ms (FindLiveObjects: 0.210100 ms CreateObjectMapping: 0.048500 ms MarkObjects: 3.062500 ms  DeleteObjects: 0.080900 ms)

AssetImportParameters requested are different than current active one (requested -> active):
  custom:framework-win-MediaFoundation: 216162199b28c13a410421893ffa2e32 -> 
  custom:video-decoder-ogg-theora: a1e56fd34408186e4bbccfd4996cb3dc -> 
  custom:container-muxer-webm: aa71ff27fc2769a1b78a27578f13a17b -> 
  custom:container-demuxer-webm: 4f35f7cbe854078d1ac9338744f61a02 -> 
  custom:container-demuxer-ogg: 62fdf1f143b41e24485cea50d1cbac27 -> 
  custom:video-encoder-webm-vp8: eb34c28f22e8b96e1ab97ce403110664 -> 
  custom:video-decoder-webm-vp8: 9c59270c3fd7afecdb556c50c9e8de78 -> 
  custom:audio-decoder-ogg-vorbis: bf7c407c2cedff20999df2af8eb42d56 -> 
  custom:audio-encoder-webm-vorbis: bf7c407c2cedff20999df2af8eb42d56 -> 
========================================================================
Received Import Request.
  path: Assets/Prefabs/Jambi.prefab
  artifactKey: Guid(f60b8f32f5ab9314aa94c9fe878789bc) Importer(815301076,1909f56bfc062723c751e8b465ee728b)
Start importing Assets/Prefabs/Jambi.prefab using Guid(f60b8f32f5ab9314aa94c9fe878789bc) Importer(815301076,1909f56bfc062723c751e8b465ee728b)  -> (artifact id: '8da92a32ad9f6fc12c363ea289700e56') in 0.086684 seconds 
  Import took 0.090199 seconds .

========================================================================
Received Import Request.
  Time since last request: 0.000174 seconds.
  path: Assets/Prefabs/Bot.prefab
  artifactKey: Guid(3b21e36b746eafd45b8e82aa6ebcc9f0) Importer(815301076,1909f56bfc062723c751e8b465ee728b)
Start importing Assets/Prefabs/Bot.prefab using Guid(3b21e36b746eafd45b8e82aa6ebcc9f0) Importer(815301076,1909f56bfc062723c751e8b465ee728b)  -> (artifact id: '715d29a9dbc66f9ca2e9dded74de4935') in 0.025436 seconds 
  Import took 0.028876 seconds .

========================================================================
Received Import Request.
  Time since last request: 0.000186 seconds.
  path: Assets/Prefabs/Burst_Effect.prefab
  artifactKey: Guid(9578f353156569c4dafd03677483a3dc) Importer(815301076,1909f56bfc062723c751e8b465ee728b)
Start importing Assets/Prefabs/Burst_Effect.prefab using Guid(9578f353156569c4dafd03677483a3dc) Importer(815301076,1909f56bfc062723c751e8b465ee728b)  -> (artifact id: 'bc7ccded791d97ca05cef905403d0cd3') in 0.012304 seconds 
  Import took 0.015632 seconds .

========================================================================
Received Import Request.
  Time since last request: 0.000162 seconds.
  path: Assets/Prefabs/HealthBurst.prefab
  artifactKey: Guid(56b100aeec88ca749a061658a106a72f) Importer(815301076,1909f56bfc062723c751e8b465ee728b)
Start importing Assets/Prefabs/HealthBurst.prefab using Guid(56b100aeec88ca749a061658a106a72f) Importer(815301076,1909f56bfc062723c751e8b465ee728b)  -> (artifact id: 'baf03dfb5700c0bd6e941f2c86c05d22') in 0.011164 seconds 
  Import took 0.014420 seconds .

========================================================================
Received Import Request.
  Time since last request: 0.000260 seconds.
  path: Assets/Prefabs/TreeBig3.prefab
  artifactKey: Guid(0f52db23cb54f8f47a13d9d622aaec9d) Importer(815301076,1909f56bfc062723c751e8b465ee728b)
Start importing Assets/Prefabs/TreeBig3.prefab using Guid(0f52db23cb54f8f47a13d9d622aaec9d) Importer(815301076,1909f56bfc062723c751e8b465ee728b)  -> (artifact id: '22b99ad4e879e275056a0e943d1fdbaa') in 0.011205 seconds 
  Import took 0.014325 seconds .

========================================================================
Received Import Request.
  Time since last request: 0.000140 seconds.
  path: Assets/Prefabs/TelegraphPost.prefab
  artifactKey: Guid(3597cbc7b957eaf4d8a9b4b134f6f203) Importer(815301076,1909f56bfc062723c751e8b465ee728b)
Start importing Assets/Prefabs/TelegraphPost.prefab using Guid(3597cbc7b957eaf4d8a9b4b134f6f203) Importer(815301076,1909f56bfc062723c751e8b465ee728b)  -> (artifact id: '8b5a18668396071c23e5571b0a771a04') in 0.011802 seconds 
  Import took 0.014973 seconds .

========================================================================
Received Import Request.
  Time since last request: 0.000157 seconds.
  path: Assets/Prefabs/Damageable.prefab
  artifactKey: Guid(a22d6cf455544ee4ab2c6dd6ec22bff5) Importer(815301076,1909f56bfc062723c751e8b465ee728b)
Start importing Assets/Prefabs/Damageable.prefab using Guid(a22d6cf455544ee4ab2c6dd6ec22bff5) Importer(815301076,1909f56bfc062723c751e8b465ee728b)  -> (artifact id: 'cb1de6b6788abd98e4ef58b900dd0dae') in 0.011679 seconds 
  Import took 0.015160 seconds .

========================================================================
Received Import Request.
  Time since last request: 0.000222 seconds.
  path: Assets/Prefabs/DrainCover.prefab
  artifactKey: Guid(e70de3d10ad0e6d4bad3667af64a125e) Importer(815301076,1909f56bfc062723c751e8b465ee728b)
Start importing Assets/Prefabs/DrainCover.prefab using Guid(e70de3d10ad0e6d4bad3667af64a125e) Importer(815301076,1909f56bfc062723c751e8b465ee728b)  -> (artifact id: '99d8671aa3a0b28324988e0d628e126d') in 0.011039 seconds 
  Import took 0.015119 seconds .

========================================================================
Received Import Request.
  Time since last request: 0.000182 seconds.
  path: Assets/Prefabs/SmokeEffect.prefab
  artifactKey: Guid(635753a39f2b3bd4cbc81d5cb08a733e) Importer(815301076,1909f56bfc062723c751e8b465ee728b)
Start importing Assets/Prefabs/SmokeEffect.prefab using Guid(635753a39f2b3bd4cbc81d5cb08a733e) Importer(815301076,1909f56bfc062723c751e8b465ee728b)  -> (artifact id: '576bcc17cb66847500d0522e4d559dc2') in 0.011329 seconds 
  Import took 0.014670 seconds .

========================================================================
Received Import Request.
  Time since last request: 0.000160 seconds.
  path: Assets/Prefabs/TreeBig1.prefab
  artifactKey: Guid(3e26e79bc5cdb5f40b5fe3dae2f461ac) Importer(815301076,1909f56bfc062723c751e8b465ee728b)
Start importing Assets/Prefabs/TreeBig1.prefab using Guid(3e26e79bc5cdb5f40b5fe3dae2f461ac) Importer(815301076,1909f56bfc062723c751e8b465ee728b)  -> (artifact id: '093bb902a931ff5785e5791c7b854409') in 0.012609 seconds 
  Import took 0.015972 seconds .

========================================================================
Received Import Request.
  Time since last request: 0.000195 seconds.
  path: Assets/Prefabs/CollectibleHealth.prefab
  artifactKey: Guid(4e50f42c60ad8324baaadc9eda9cd1a5) Importer(815301076,1909f56bfc062723c751e8b465ee728b)
Start importing Assets/Prefabs/CollectibleHealth.prefab using Guid(4e50f42c60ad8324baaadc9eda9cd1a5) Importer(815301076,1909f56bfc062723c751e8b465ee728b)  -> (artifact id: 'b67e6038809567c00b68b5a5e12035b7') in 0.012888 seconds 
  Import took 0.017056 seconds .

========================================================================
Received Import Request.
  Time since last request: 0.000208 seconds.
  path: Assets/Prefabs/Mushrooms.prefab
  artifactKey: Guid(0064db92c1686a24094e5a7dffef7725) Importer(815301076,1909f56bfc062723c751e8b465ee728b)
Start importing Assets/Prefabs/Mushrooms.prefab using Guid(0064db92c1686a24094e5a7dffef7725) Importer(815301076,1909f56bfc062723c751e8b465ee728b)  -> (artifact id: 'c1a8a64407fe1bcfd47884793278d276') in 0.012077 seconds 
  Import took 0.015754 seconds .

========================================================================
Received Import Request.
  Time since last request: 0.000175 seconds.
  path: Assets/Prefabs/BotHard Variant.prefab
  artifactKey: Guid(41909c75633c23a429b08c7bb21fc342) Importer(815301076,1909f56bfc062723c751e8b465ee728b)
Start importing Assets/Prefabs/BotHard Variant.prefab using Guid(41909c75633c23a429b08c7bb21fc342) Importer(815301076,1909f56bfc062723c751e8b465ee728b)  -> (artifact id: '936f98fcc1caa40f0993536efbaeb3d6') in 0.016728 seconds 
  Import took 0.020257 seconds .

========================================================================
Received Import Request.
  Time since last request: 0.000173 seconds.
  path: Assets/Prefabs/TreeBig2.prefab
  artifactKey: Guid(9ef05458a4ad7e74eb661b4bc0d9ce84) Importer(815301076,1909f56bfc062723c751e8b465ee728b)
Start importing Assets/Prefabs/TreeBig2.prefab using Guid(9ef05458a4ad7e74eb661b4bc0d9ce84) Importer(815301076,1909f56bfc062723c751e8b465ee728b)  -> (artifact id: '9feb3d3bf3be71889cc896b7e44b060d') in 0.012492 seconds 
  Import took 0.015724 seconds .

========================================================================
Received Import Request.
  Time since last request: 0.000178 seconds.
  path: Assets/Prefabs/GrassSmall.prefab
  artifactKey: Guid(e37a63a7c65ae1648aa99ff716f8de36) Importer(815301076,1909f56bfc062723c751e8b465ee728b)
Start importing Assets/Prefabs/GrassSmall.prefab using Guid(e37a63a7c65ae1648aa99ff716f8de36) Importer(815301076,1909f56bfc062723c751e8b465ee728b)  -> (artifact id: '747c938f749a2a9baf15af0b58c2fa3d') in 0.012516 seconds 
  Import took 0.016902 seconds .

========================================================================
Received Import Request.
  Time since last request: 0.000192 seconds.
  path: Assets/Prefabs/MetalCube.prefab
  artifactKey: Guid(005ed7386324e1849b00a9aeb7f4911a) Importer(815301076,1909f56bfc062723c751e8b465ee728b)
Start importing Assets/Prefabs/MetalCube.prefab using Guid(005ed7386324e1849b00a9aeb7f4911a) Importer(815301076,1909f56bfc062723c751e8b465ee728b)  -> (artifact id: '33cdafd4166752fb31ba944e400985f3') in 0.013667 seconds 
  Import took 0.017304 seconds .

========================================================================
Received Import Request.
  Time since last request: 0.000179 seconds.
  path: Assets/Prefabs/TreeLittle.prefab
  artifactKey: Guid(2434ad55c00b3714d85a0b55a8b424a8) Importer(815301076,1909f56bfc062723c751e8b465ee728b)
Start importing Assets/Prefabs/TreeLittle.prefab using Guid(2434ad55c00b3714d85a0b55a8b424a8) Importer(815301076,1909f56bfc062723c751e8b465ee728b)  -> (artifact id: 'b79a765d6921822329c4b0a505a695a2') in 0.011072 seconds 
  Import took 0.014785 seconds .

========================================================================
Received Import Request.
  Time since last request: 0.000177 seconds.
  path: Assets/Prefabs/CogBullet.prefab
  artifactKey: Guid(e4be574bff40cbd48b56fc324335af79) Importer(815301076,1909f56bfc062723c751e8b465ee728b)
Start importing Assets/Prefabs/CogBullet.prefab using Guid(e4be574bff40cbd48b56fc324335af79) Importer(815301076,1909f56bfc062723c751e8b465ee728b)  -> (artifact id: '1cfc5c06515bf36f80a149484a0fb8a7') in 0.012041 seconds 
  Import took 0.015842 seconds .

========================================================================
Received Import Request.
  Time since last request: 0.000193 seconds.
  path: Assets/Prefabs/Ruby.prefab
  artifactKey: Guid(1de51228aa9a8c546b0479afa94c939f) Importer(815301076,1909f56bfc062723c751e8b465ee728b)
Start importing Assets/Prefabs/Ruby.prefab using Guid(1de51228aa9a8c546b0479afa94c939f) Importer(815301076,1909f56bfc062723c751e8b465ee728b)  -> (artifact id: '7f403b81a79d6c7286b3e778c0737603') in 0.020699 seconds 
  Import took 0.024354 seconds .

========================================================================
Received Import Request.
  Time since last request: 0.000166 seconds.
  path: Assets/Prefabs/House.prefab
  artifactKey: Guid(57a4d2d868e8750438283d846450bcda) Importer(815301076,1909f56bfc062723c751e8b465ee728b)
Start importing Assets/Prefabs/House.prefab using Guid(57a4d2d868e8750438283d846450bcda) Importer(815301076,1909f56bfc062723c751e8b465ee728b)  -> (artifact id: 'f0dcfa4b2575f7b361a1b3fd64f23249') in 0.016031 seconds 
  Import took 0.019541 seconds .

========================================================================
Received Import Request.
  Time since last request: 0.001848 seconds.
  path: Assets/Prefabs/House.prefab
  artifactKey: Guid(57a4d2d868e8750438283d846450bcda) Importer(815301076,1909f56bfc062723c751e8b465ee728b)
Start importing Assets/Prefabs/House.prefab using Guid(57a4d2d868e8750438283d846450bcda) Importer(815301076,1909f56bfc062723c751e8b465ee728b)  -> (artifact id: 'f0dcfa4b2575f7b361a1b3fd64f23249') in 0.011171 seconds 
  Import took 0.014640 seconds .

========================================================================
Received Import Request.
  Time since last request: 1.556007 seconds.
  path: Assets/Audio/2D MUSIC LOOP.wav
  artifactKey: Guid(e406c04157c663a43b859646b7ad3c2a) Importer(815301076,1909f56bfc062723c751e8b465ee728b)
Start importing Assets/Audio/2D MUSIC LOOP.wav using Guid(e406c04157c663a43b859646b7ad3c2a) Importer(815301076,1909f56bfc062723c751e8b465ee728b)  -> (artifact id: '2077188d0d35c608a137f25f1dd09cc5') in 0.044787 seconds 
  Import took 0.048649 seconds .

========================================================================
Received Import Request.
  Time since last request: 0.000160 seconds.
  path: Assets/Audio/Throw Cog.wav
  artifactKey: Guid(b2edfd40873655249ba0e01a5cf705be) Importer(815301076,1909f56bfc062723c751e8b465ee728b)
Start importing Assets/Audio/Throw Cog.wav using Guid(b2edfd40873655249ba0e01a5cf705be) Importer(815301076,1909f56bfc062723c751e8b465ee728b)  -> (artifact id: 'b9ad1b9f182cf6f31112b74fa2804993') in 0.010252 seconds 
  Import took 0.013753 seconds .

========================================================================
Received Import Request.
  Time since last request: 0.000157 seconds.
  path: Assets/Audio/Hit for enemy 2.wav
  artifactKey: Guid(709a835b61b848644946696fdd5e5a4d) Importer(815301076,1909f56bfc062723c751e8b465ee728b)
Start importing Assets/Audio/Hit for enemy 2.wav using Guid(709a835b61b848644946696fdd5e5a4d) Importer(815301076,1909f56bfc062723c751e8b465ee728b)  -> (artifact id: 'bae79d475201a9e6c959e7bd1e9d2a5c') in 0.009984 seconds 
  Import took 0.013217 seconds .

========================================================================
Received Import Request.
  Time since last request: 0.000172 seconds.
  path: Assets/Audio/Hit for enemy 1.wav
  artifactKey: Guid(ae904c7305df7344d86b2092c0cb3a26) Importer(815301076,1909f56bfc062723c751e8b465ee728b)
Start importing Assets/Audio/Hit for enemy 1.wav using Guid(ae904c7305df7344d86b2092c0cb3a26) Importer(815301076,1909f56bfc062723c751e8b465ee728b)  -> (artifact id: 'd1b8482c1b014791cab7be8607783e00') in 0.010602 seconds 
  Import took 0.014476 seconds .

========================================================================
Received Import Request.
  Time since last request: 0.000156 seconds.
  path: Assets/Audio/Victory.mp3
  artifactKey: Guid(69cd9ab8406d5ac419ffca753cdbfe22) Importer(815301076,1909f56bfc062723c751e8b465ee728b)
Start importing Assets/Audio/Victory.mp3 using Guid(69cd9ab8406d5ac419ffca753cdbfe22) Importer(815301076,1909f56bfc062723c751e8b465ee728b)  -> (artifact id: '0acc0cd8c2a048359c4e51f44d196f24') in 0.011758 seconds 
  Import took 0.014990 seconds .

========================================================================
Received Import Request.
  Time since last request: 0.000161 seconds.
  path: Assets/Audio/Footsteps2a.wav
  artifactKey: Guid(a20c77ecd5de9eb4a98731b45ad84c3e) Importer(815301076,1909f56bfc062723c751e8b465ee728b)
Start importing Assets/Audio/Footsteps2a.wav using Guid(a20c77ecd5de9eb4a98731b45ad84c3e) Importer(815301076,1909f56bfc062723c751e8b465ee728b)  -> (artifact id: 'ec4114c08ca62f0438743a345ad6a802') in 0.010283 seconds 
  Import took 0.013860 seconds .

========================================================================
Received Import Request.
  Time since last request: 0.000166 seconds.
  path: Assets/Audio/Collectable.wav
  artifactKey: Guid(af5f8b64e3f58f24c87ff8f789b04f6c) Importer(815301076,1909f56bfc062723c751e8b465ee728b)
Start importing Assets/Audio/Collectable.wav using Guid(af5f8b64e3f58f24c87ff8f789b04f6c) Importer(815301076,1909f56bfc062723c751e8b465ee728b)  -> (artifact id: '2c1b7c2bf256bd2c22fdd47c1a88f065') in 0.010534 seconds 
  Import took 0.013608 seconds .

========================================================================
Received Import Request.
  Time since last request: 0.000153 seconds.
  path: Assets/Audio/Robot Fixed.wav
  artifactKey: Guid(e7fa1971a86d60945bb64585c0ac14d5) Importer(815301076,1909f56bfc062723c751e8b465ee728b)
Start importing Assets/Audio/Robot Fixed.wav using Guid(e7fa1971a86d60945bb64585c0ac14d5) Importer(815301076,1909f56bfc062723c751e8b465ee728b)  -> (artifact id: 'b0f543d931514fe435c6ca33cfe96fc4') in 0.010772 seconds 
  Import took 0.014077 seconds .

========================================================================
Received Import Request.
  Time since last request: 0.000186 seconds.
  path: Assets/Audio/Player Hit.wav
  artifactKey: Guid(9b1bb1f450b7d444fa4a8019d13519a7) Importer(815301076,1909f56bfc062723c751e8b465ee728b)
Start importing Assets/Audio/Player Hit.wav using Guid(9b1bb1f450b7d444fa4a8019d13519a7) Importer(815301076,1909f56bfc062723c751e8b465ee728b)  -> (artifact id: 'dbf115755ea15c0be5035df6be0b356c') in 0.010098 seconds 
  Import took 0.013347 seconds .

========================================================================
Received Import Request.
  Time since last request: 0.000143 seconds.
  path: Assets/Audio/Quest Complete.wav
  artifactKey: Guid(f987bfc0b774d3f4e82dc47e91f78584) Importer(815301076,1909f56bfc062723c751e8b465ee728b)
Start importing Assets/Audio/Quest Complete.wav using Guid(f987bfc0b774d3f4e82dc47e91f78584) Importer(815301076,1909f56bfc062723c751e8b465ee728b)  -> (artifact id: 'f0846413c6b008a6b902a179d030b92a') in 0.010927 seconds 
  Import took 0.014368 seconds .

========================================================================
Received Import Request.
  Time since last request: 0.000158 seconds.
  path: Assets/Audio/Robot Walking_Broken.wav
  artifactKey: Guid(6bfbad8ffdf387d4e87e8fa07b62f7c1) Importer(815301076,1909f56bfc062723c751e8b465ee728b)
Start importing Assets/Audio/Robot Walking_Broken.wav using Guid(6bfbad8ffdf387d4e87e8fa07b62f7c1) Importer(815301076,1909f56bfc062723c751e8b465ee728b)  -> (artifact id: 'dbfa0ace83d0fe2fbfe81a2361cb110b') in 0.010703 seconds 
  Import took 0.014008 seconds .

========================================================================
Received Import Request.
  Time since last request: 0.000176 seconds.
  path: Assets/Audio/game_over.mp3
  artifactKey: Guid(a4cb3420f2b375f4cbd51037b1635c59) Importer(815301076,1909f56bfc062723c751e8b465ee728b)
Start importing Assets/Audio/game_over.mp3 using Guid(a4cb3420f2b375f4cbd51037b1635c59) Importer(815301076,1909f56bfc062723c751e8b465ee728b)  -> (artifact id: '50b77d0a89515fb7958ee2edf13596c3') in 0.011550 seconds 
  Import took 0.015227 seconds .

AssetImportWorkerClient::OnTransportError - code=2 error=End of file
